2026-01-16 21:18:00,262 [INFO] [MainThread] [root/log.py:69]: YASB v1.8.6
2026-01-16 21:18:00,263 [INFO] [Thread-1 (_run_server)] [cli_server/cli_server.py:212]: CLI server started v1.1.4
2026-01-16 21:18:00,264 [INFO] [MainThread] [cli_server/cli_server.py:104]: Log pipe server started
2026-01-16 21:18:00,324 [INFO] [MainThread] [root/config.py:64]: Created default config file at C:\Users\19411_4bs7lzt\.config\yasb\config.yaml
2026-01-16 21:18:00,344 [INFO] [MainThread] [root/config.py:78]: Created default stylesheet at C:\Users\19411_4bs7lzt\.config\yasb\styles.css
2026-01-16 21:18:01,277 [ERROR] [MainThread] [root/weather.py:60]: API key or location is missing. Please provide a valid API key and location.
2026-01-16 21:18:01,304 [INFO] [MainThread] [root/service.py:39]: AudioInputService starting...
2026-01-16 21:18:01,353 [INFO] [MainThread] [root/service.py:48]: AudioOutputService starting...
2026-01-16 21:18:01,612 [INFO] [MainThread] [root/bar_manager.py:85]: Starting WindowsNotificationEventListener...
2026-01-16 21:18:01,614 [INFO] [MainThread] [root/bar_manager.py:85]: Starting SystemEventListener...
2026-01-16 21:18:01,614 [INFO] [MainThread] [root/bar_manager.py:85]: Starting KomorebiEventListener...
2026-01-16 21:18:01,615 [INFO] [MainThread] [root/watcher.py:54]: Created file watcher for path C:\Users\19411_4bs7lzt\.config\yasb
2026-01-16 21:18:01,616 [INFO] [Dummy-5] [root/event_listener.py:51]: Created named pipe yasb-c8a08e78-f2dd-11f0-8727-64497d51adc8
2026-01-16 21:18:01,670 [DEBUG] [MainThread] [qasync._windows._EventPoller/_windows.py:215]: Starting (proactor: <_IocpProactor overlapped#=0 result#=0>)...
2026-01-16 21:18:01,673 [DEBUG] [Dummy-8] [qasync._windows._EventWorker/_windows.py:195]: Thread started
2026-01-16 21:20:18,494 [INFO] [MainThread] [root/controller.py:15]: Reloading Application because of config change.
2026-01-16 21:20:18,604 [INFO] [MainThread] [cli_server/cli_server.py:112]: Log pipe server stopped
2026-01-16 21:20:18,604 [DEBUG] [MainThread] [cli_server/cli_server.py:206]: CLI server stopped
2026-01-16 21:20:18,610 [INFO] [MainThread] [root/bar_manager.py:76]: Successfully loaded updated config and re-initialised all bars.
2026-01-16 21:20:18,651 [INFO] [MainThread] [root/bar_manager.py:92]: Stopping WindowsNotificationEventListener...
2026-01-16 21:20:18,652 [INFO] [MainThread] [root/bar_manager.py:92]: Stopping SystemEventListener...
2026-01-16 21:20:18,652 [INFO] [MainThread] [root/bar_manager.py:92]: Stopping KomorebiEventListener...
2026-01-16 21:20:18,661 [DEBUG] [MainThread] [qasync._windows._EventPoller/_windows.py:220]: Stopping worker thread...
2026-01-16 21:20:18,666 [DEBUG] [Dummy-8] [qasync._windows._EventWorker/_windows.py:204]: Exiting thread
2026-01-16 21:20:18,670 [DEBUG] [MainThread] [qasync._windows._IocpProactor/_windows.py:78]: Closing
2026-01-16 21:20:19,277 [INFO] [MainThread] [root/log.py:69]: YASB v1.8.6
2026-01-16 21:20:19,278 [INFO] [Thread-1 (_run_server)] [cli_server/cli_server.py:212]: CLI server started v1.1.4
2026-01-16 21:20:19,279 [INFO] [MainThread] [cli_server/cli_server.py:104]: Log pipe server started
2026-01-16 21:20:20,084 [ERROR] [MainThread] [root/weather.py:60]: API key or location is missing. Please provide a valid API key and location.
2026-01-16 21:20:20,119 [INFO] [MainThread] [root/service.py:39]: AudioInputService starting...
2026-01-16 21:20:20,244 [INFO] [MainThread] [root/service.py:48]: AudioOutputService starting...
2026-01-16 21:20:20,544 [INFO] [MainThread] [root/bar_manager.py:85]: Starting SystemEventListener...
2026-01-16 21:20:20,545 [INFO] [MainThread] [root/bar_manager.py:85]: Starting KomorebiEventListener...
2026-01-16 21:20:20,545 [INFO] [MainThread] [root/bar_manager.py:85]: Starting WindowsNotificationEventListener...
2026-01-16 21:20:20,546 [INFO] [Dummy-3] [root/event_listener.py:51]: Created named pipe yasb-1b6fb94e-f2de-11f0-9952-64497d51adc8
2026-01-16 21:20:20,548 [INFO] [MainThread] [root/watcher.py:54]: Created file watcher for path C:\Users\19411_4bs7lzt\.config\yasb
2026-01-16 21:20:20,619 [DEBUG] [MainThread] [qasync._windows._EventPoller/_windows.py:215]: Starting (proactor: <_IocpProactor overlapped#=0 result#=0>)...
2026-01-16 21:20:20,622 [DEBUG] [Dummy-8] [qasync._windows._EventWorker/_windows.py:195]: Thread started
2026-01-16 21:20:22,994 [ERROR] [MainThread] [root/config.py:124]: The file 'C:\Users\19411_4bs7lzt\.config\yasb\config.yaml' contains Parser Error(s). Please fix:
while parsing a block mapping
  in "C:\Users\19411_4bs7lzt\.config\yasb\config.yaml", line 56, column 3
expected <block end>, but found '<block mapping start>'
  in "C:\Users\19411_4bs7lzt\.config\yasb\config.yaml", line 287, column 5
2026-01-16 21:20:23,012 [ERROR] [MainThread] [root/config.py:124]: The file 'C:\Users\19411_4bs7lzt\.config\yasb\config.yaml' contains Parser Error(s). Please fix:
while parsing a block mapping
  in "C:\Users\19411_4bs7lzt\.config\yasb\config.yaml", line 56, column 3
expected <block end>, but found '<block mapping start>'
  in "C:\Users\19411_4bs7lzt\.config\yasb\config.yaml", line 287, column 5
2026-01-16 21:20:50,279 [INFO] [MainThread] [root/controller.py:15]: Reloading Application because of config change.
2026-01-16 21:20:50,389 [INFO] [MainThread] [cli_server/cli_server.py:112]: Log pipe server stopped
2026-01-16 21:20:50,389 [DEBUG] [MainThread] [cli_server/cli_server.py:206]: CLI server stopped
2026-01-16 21:20:50,392 [INFO] [MainThread] [root/bar_manager.py:76]: Successfully loaded updated config and re-initialised all bars.
2026-01-16 21:20:50,420 [INFO] [MainThread] [root/bar_manager.py:92]: Stopping SystemEventListener...
2026-01-16 21:20:50,421 [INFO] [MainThread] [root/bar_manager.py:92]: Stopping KomorebiEventListener...
2026-01-16 21:20:50,421 [INFO] [MainThread] [root/bar_manager.py:92]: Stopping WindowsNotificationEventListener...
2026-01-16 21:20:50,435 [DEBUG] [MainThread] [qasync._windows._EventPoller/_windows.py:220]: Stopping worker thread...
2026-01-16 21:20:50,436 [DEBUG] [Dummy-8] [qasync._windows._EventWorker/_windows.py:204]: Exiting thread
2026-01-16 21:20:50,451 [DEBUG] [MainThread] [qasync._windows._IocpProactor/_windows.py:78]: Closing
2026-01-16 21:20:51,014 [INFO] [MainThread] [root/log.py:69]: YASB v1.8.6
2026-01-16 21:20:51,015 [INFO] [Thread-1 (_run_server)] [cli_server/cli_server.py:212]: CLI server started v1.1.4
2026-01-16 21:20:51,015 [INFO] [MainThread] [cli_server/cli_server.py:104]: Log pipe server started
2026-01-16 21:20:51,896 [ERROR] [MainThread] [root/weather.py:60]: API key or location is missing. Please provide a valid API key and location.
2026-01-16 21:20:51,949 [INFO] [MainThread] [root/service.py:39]: AudioInputService starting...
2026-01-16 21:20:52,013 [INFO] [MainThread] [root/service.py:48]: AudioOutputService starting...
2026-01-16 21:20:52,272 [INFO] [MainThread] [root/bar_manager.py:85]: Starting WindowsNotificationEventListener...
2026-01-16 21:20:52,273 [INFO] [MainThread] [root/bar_manager.py:85]: Starting SystemEventListener...
2026-01-16 21:20:52,273 [INFO] [MainThread] [root/bar_manager.py:85]: Starting KomorebiEventListener...
2026-01-16 21:20:52,273 [INFO] [MainThread] [root/watcher.py:54]: Created file watcher for path C:\Users\19411_4bs7lzt\.config\yasb
2026-01-16 21:20:52,275 [INFO] [Dummy-5] [root/event_listener.py:51]: Created named pipe yasb-2e5911eb-f2de-11f0-916d-64497d51adc8
2026-01-16 21:20:52,348 [DEBUG] [MainThread] [qasync._windows._EventPoller/_windows.py:215]: Starting (proactor: <_IocpProactor overlapped#=0 result#=0>)...
2026-01-16 21:20:52,352 [DEBUG] [Dummy-8] [qasync._windows._EventWorker/_windows.py:195]: Thread started
2026-01-16 21:20:53,002 [INFO] [MainThread] [root/controller.py:15]: Reloading Application because of config change.
2026-01-16 21:20:53,109 [INFO] [MainThread] [cli_server/cli_server.py:112]: Log pipe server stopped
2026-01-16 21:20:53,109 [DEBUG] [MainThread] [cli_server/cli_server.py:206]: CLI server stopped
2026-01-16 21:20:53,115 [INFO] [MainThread] [root/bar_manager.py:76]: Successfully loaded updated config and re-initialised all bars.
2026-01-16 21:20:53,134 [INFO] [MainThread] [root/bar_manager.py:92]: Stopping WindowsNotificationEventListener...
2026-01-16 21:20:53,135 [INFO] [MainThread] [root/bar_manager.py:92]: Stopping SystemEventListener...
2026-01-16 21:20:53,136 [INFO] [MainThread] [root/bar_manager.py:92]: Stopping KomorebiEventListener...
2026-01-16 21:20:53,143 [DEBUG] [MainThread] [qasync._windows._EventPoller/_windows.py:220]: Stopping worker thread...
2026-01-16 21:20:53,144 [DEBUG] [Dummy-8] [qasync._windows._EventWorker/_windows.py:204]: Exiting thread
2026-01-16 21:20:53,146 [DEBUG] [MainThread] [qasync._windows._IocpProactor/_windows.py:78]: Closing
2026-01-16 21:20:53,728 [INFO] [MainThread] [root/log.py:69]: YASB v1.8.6
2026-01-16 21:20:53,729 [INFO] [Thread-1 (_run_server)] [cli_server/cli_server.py:212]: CLI server started v1.1.4
2026-01-16 21:20:53,729 [INFO] [MainThread] [cli_server/cli_server.py:104]: Log pipe server started
2026-01-16 21:20:54,463 [ERROR] [MainThread] [root/weather.py:60]: API key or location is missing. Please provide a valid API key and location.
2026-01-16 21:20:54,480 [INFO] [MainThread] [root/service.py:39]: AudioInputService starting...
2026-01-16 21:20:54,511 [INFO] [MainThread] [root/service.py:48]: AudioOutputService starting...
2026-01-16 21:20:54,773 [INFO] [MainThread] [root/bar_manager.py:85]: Starting WindowsNotificationEventListener...
2026-01-16 21:20:54,774 [INFO] [MainThread] [root/bar_manager.py:85]: Starting KomorebiEventListener...
2026-01-16 21:20:54,774 [INFO] [MainThread] [root/bar_manager.py:85]: Starting SystemEventListener...
2026-01-16 21:20:54,776 [INFO] [MainThread] [root/watcher.py:54]: Created file watcher for path C:\Users\19411_4bs7lzt\.config\yasb
2026-01-16 21:20:54,778 [INFO] [Dummy-5] [root/event_listener.py:51]: Created named pipe yasb-2fd6b54c-f2de-11f0-8d7b-64497d51adc8
2026-01-16 21:20:54,851 [DEBUG] [MainThread] [qasync._windows._EventPoller/_windows.py:215]: Starting (proactor: <_IocpProactor overlapped#=0 result#=0>)...
2026-01-16 21:20:54,852 [DEBUG] [Dummy-8] [qasync._windows._EventWorker/_windows.py:195]: Thread started
2026-01-16 21:22:41,430 [INFO] [MainThread] [root/controller.py:15]: Reloading Application because of config change.
2026-01-16 21:22:41,530 [INFO] [MainThread] [cli_server/cli_server.py:112]: Log pipe server stopped
2026-01-16 21:22:41,530 [DEBUG] [MainThread] [cli_server/cli_server.py:206]: CLI server stopped
2026-01-16 21:22:41,537 [INFO] [MainThread] [root/bar_manager.py:76]: Successfully loaded updated config and re-initialised all bars.
2026-01-16 21:22:41,581 [INFO] [MainThread] [root/bar_manager.py:92]: Stopping WindowsNotificationEventListener...
2026-01-16 21:22:41,582 [INFO] [MainThread] [root/bar_manager.py:92]: Stopping KomorebiEventListener...
2026-01-16 21:22:41,582 [INFO] [MainThread] [root/bar_manager.py:92]: Stopping SystemEventListener...
2026-01-16 21:22:41,590 [DEBUG] [MainThread] [qasync._windows._EventPoller/_windows.py:220]: Stopping worker thread...
2026-01-16 21:22:41,593 [DEBUG] [Dummy-8] [qasync._windows._EventWorker/_windows.py:204]: Exiting thread
2026-01-16 21:22:41,597 [DEBUG] [MainThread] [qasync._windows._IocpProactor/_windows.py:78]: Closing
2026-01-16 21:22:42,214 [INFO] [MainThread] [root/log.py:69]: YASB v1.8.6
2026-01-16 21:22:42,214 [INFO] [Thread-1 (_run_server)] [cli_server/cli_server.py:212]: CLI server started v1.1.4
2026-01-16 21:22:42,215 [INFO] [MainThread] [cli_server/cli_server.py:104]: Log pipe server started
2026-01-16 21:22:42,952 [ERROR] [MainThread] [root/weather.py:60]: API key or location is missing. Please provide a valid API key and location.
2026-01-16 21:22:42,985 [INFO] [MainThread] [root/service.py:39]: AudioInputService starting...
2026-01-16 21:22:43,031 [INFO] [MainThread] [root/service.py:48]: AudioOutputService starting...
2026-01-16 21:22:43,280 [INFO] [MainThread] [root/bar_manager.py:85]: Starting KomorebiEventListener...
2026-01-16 21:22:43,280 [INFO] [MainThread] [root/bar_manager.py:85]: Starting WindowsNotificationEventListener...
2026-01-16 21:22:43,280 [INFO] [Dummy-3] [root/event_listener.py:51]: Created named pipe yasb-70835543-f2de-11f0-89ff-64497d51adc8
2026-01-16 21:22:43,281 [INFO] [MainThread] [root/bar_manager.py:85]: Starting SystemEventListener...
2026-01-16 21:22:43,281 [INFO] [MainThread] [root/watcher.py:54]: Created file watcher for path C:\Users\19411_4bs7lzt\.config\yasb
2026-01-16 21:22:43,353 [DEBUG] [MainThread] [qasync._windows._EventPoller/_windows.py:215]: Starting (proactor: <_IocpProactor overlapped#=0 result#=0>)...
2026-01-16 21:22:43,354 [DEBUG] [Dummy-8] [qasync._windows._EventWorker/_windows.py:195]: Thread started
2026-01-16 21:24:15,176 [INFO] [MainThread] [root/controller.py:15]: Reloading Application because of config change.
2026-01-16 21:24:15,291 [INFO] [MainThread] [cli_server/cli_server.py:112]: Log pipe server stopped
2026-01-16 21:24:15,291 [DEBUG] [MainThread] [cli_server/cli_server.py:206]: CLI server stopped
2026-01-16 21:24:15,294 [INFO] [MainThread] [root/bar_manager.py:76]: Successfully loaded updated config and re-initialised all bars.
2026-01-16 21:24:15,312 [INFO] [MainThread] [root/bar_manager.py:92]: Stopping KomorebiEventListener...
2026-01-16 21:24:15,313 [INFO] [MainThread] [root/bar_manager.py:92]: Stopping WindowsNotificationEventListener...
2026-01-16 21:24:15,313 [INFO] [MainThread] [root/bar_manager.py:92]: Stopping SystemEventListener...
2026-01-16 21:24:15,321 [DEBUG] [MainThread] [qasync._windows._EventPoller/_windows.py:220]: Stopping worker thread...
2026-01-16 21:24:15,337 [DEBUG] [Dummy-8] [qasync._windows._EventWorker/_windows.py:204]: Exiting thread
2026-01-16 21:24:15,338 [DEBUG] [MainThread] [qasync._windows._IocpProactor/_windows.py:78]: Closing
2026-01-16 21:24:16,067 [INFO] [MainThread] [root/log.py:69]: YASB v1.8.6
2026-01-16 21:24:16,070 [INFO] [Thread-1 (_run_server)] [cli_server/cli_server.py:212]: CLI server started v1.1.4
2026-01-16 21:24:16,070 [INFO] [MainThread] [cli_server/cli_server.py:104]: Log pipe server started
2026-01-16 21:24:16,939 [ERROR] [MainThread] [root/weather.py:60]: API key or location is missing. Please provide a valid API key and location.
2026-01-16 21:24:16,956 [INFO] [MainThread] [root/service.py:39]: AudioInputService starting...
2026-01-16 21:24:16,987 [INFO] [MainThread] [root/service.py:48]: AudioOutputService starting...
2026-01-16 21:24:17,210 [INFO] [MainThread] [root/bar_manager.py:85]: Starting WindowsNotificationEventListener...
2026-01-16 21:24:17,211 [INFO] [MainThread] [root/bar_manager.py:85]: Starting SystemEventListener...
2026-01-16 21:24:17,212 [INFO] [MainThread] [root/watcher.py:54]: Created file watcher for path C:\Users\19411_4bs7lzt\.config\yasb
2026-01-16 21:24:17,278 [DEBUG] [MainThread] [qasync._windows._EventPoller/_windows.py:215]: Starting (proactor: <_IocpProactor overlapped#=0 result#=0>)...
2026-01-16 21:24:17,282 [DEBUG] [Dummy-5] [qasync._windows._EventWorker/_windows.py:195]: Thread started
2026-01-16 21:26:23,376 [INFO] [MainThread] [root/bar_manager.py:92]: Stopping WindowsNotificationEventListener...
2026-01-16 21:26:23,376 [INFO] [MainThread] [root/bar_manager.py:92]: Stopping SystemEventListener...
2026-01-16 21:28:20,949 [INFO] [MainThread] [root/log.py:69]: YASB v1.8.6
2026-01-16 21:28:20,950 [INFO] [Thread-1 (_run_server)] [cli_server/cli_server.py:212]: CLI server started v1.1.4
2026-01-16 21:28:20,950 [INFO] [MainThread] [cli_server/cli_server.py:104]: Log pipe server started
2026-01-16 21:28:21,899 [ERROR] [MainThread] [root/weather.py:60]: API key or location is missing. Please provide a valid API key and location.
2026-01-16 21:28:21,922 [INFO] [MainThread] [root/service.py:39]: AudioInputService starting...
2026-01-16 21:28:21,965 [INFO] [MainThread] [root/service.py:48]: AudioOutputService starting...
2026-01-16 21:28:23,772 [INFO] [MainThread] [root/bar_manager.py:85]: Starting SystemEventListener...
2026-01-16 21:28:23,773 [INFO] [MainThread] [root/bar_manager.py:85]: Starting WindowsNotificationEventListener...
2026-01-16 21:28:23,774 [INFO] [MainThread] [root/watcher.py:54]: Created file watcher for path C:\Users\19411_4bs7lzt\.config\yasb
2026-01-16 21:28:23,823 [DEBUG] [MainThread] [qasync._windows._EventPoller/_windows.py:215]: Starting (proactor: <_IocpProactor overlapped#=0 result#=0>)...
2026-01-16 21:28:23,825 [DEBUG] [Dummy-5] [qasync._windows._EventWorker/_windows.py:195]: Thread started
2026-01-16 21:32:36,265 [INFO] [MainThread] [root/log.py:69]: YASB v1.8.6
2026-01-16 21:32:36,265 [INFO] [Thread-1 (_run_server)] [cli_server/cli_server.py:212]: CLI server started v1.1.4
2026-01-16 21:32:36,265 [INFO] [MainThread] [cli_server/cli_server.py:104]: Log pipe server started
2026-01-16 21:32:36,265 [ERROR] [MainThread] [root/main.py:74]: Another instance of the YASB is already running.
2026-01-16 21:33:55,069 [INFO] [MainThread] [root/log.py:69]: YASB v1.8.6
2026-01-16 21:33:55,070 [INFO] [Thread-1 (_run_server)] [cli_server/cli_server.py:212]: CLI server started v1.1.4
2026-01-16 21:33:55,070 [INFO] [MainThread] [cli_server/cli_server.py:104]: Log pipe server started
2026-01-16 21:33:55,071 [ERROR] [MainThread] [root/main.py:74]: Another instance of the YASB is already running.
2026-01-16 21:35:21,705 [INFO] [MainThread] [root/log.py:69]: YASB v1.8.6
2026-01-16 21:35:21,706 [INFO] [Thread-1 (_run_server)] [cli_server/cli_server.py:212]: CLI server started v1.1.4
2026-01-16 21:35:21,706 [INFO] [MainThread] [cli_server/cli_server.py:104]: Log pipe server started
2026-01-16 21:35:22,630 [ERROR] [MainThread] [root/weather.py:60]: API key or location is missing. Please provide a valid API key and location.
2026-01-16 21:35:22,664 [INFO] [MainThread] [root/service.py:39]: AudioInputService starting...
2026-01-16 21:35:22,731 [INFO] [MainThread] [root/service.py:48]: AudioOutputService starting...
2026-01-16 21:35:22,990 [INFO] [MainThread] [root/bar_manager.py:85]: Starting SystemEventListener...
2026-01-16 21:35:22,990 [INFO] [MainThread] [root/bar_manager.py:85]: Starting WindowsNotificationEventListener...
2026-01-16 21:35:22,992 [INFO] [MainThread] [root/watcher.py:54]: Created file watcher for path C:\Users\19411_4bs7lzt\.config\yasb
2026-01-16 21:35:23,037 [DEBUG] [MainThread] [qasync._windows._EventPoller/_windows.py:215]: Starting (proactor: <_IocpProactor overlapped#=0 result#=0>)...
2026-01-16 21:35:23,039 [DEBUG] [Dummy-5] [qasync._windows._EventWorker/_windows.py:195]: Thread started
2026-01-16 21:35:49,928 [INFO] [MainThread] [root/utilities.py:384]: YASB added to startup
2026-01-16 21:35:56,843 [INFO] [MainThread] [root/controller.py:15]: Reloading Application from tray...
2026-01-16 21:35:56,957 [INFO] [MainThread] [cli_server/cli_server.py:112]: Log pipe server stopped
2026-01-16 21:35:56,958 [DEBUG] [MainThread] [cli_server/cli_server.py:206]: CLI server stopped
2026-01-16 21:35:57,048 [INFO] [MainThread] [root/bar_manager.py:92]: Stopping SystemEventListener...
2026-01-16 21:35:57,048 [INFO] [MainThread] [root/bar_manager.py:92]: Stopping WindowsNotificationEventListener...
2026-01-16 21:35:57,052 [DEBUG] [MainThread] [qasync._windows._EventPoller/_windows.py:220]: Stopping worker thread...
2026-01-16 21:35:57,067 [DEBUG] [Dummy-5] [qasync._windows._EventWorker/_windows.py:204]: Exiting thread
2026-01-16 21:35:57,069 [DEBUG] [MainThread] [qasync._windows._IocpProactor/_windows.py:78]: Closing
2026-01-16 21:35:57,799 [INFO] [MainThread] [root/log.py:69]: YASB v1.8.6
2026-01-16 21:35:57,801 [INFO] [Thread-1 (_run_server)] [cli_server/cli_server.py:212]: CLI server started v1.1.4
2026-01-16 21:35:57,801 [INFO] [MainThread] [cli_server/cli_server.py:104]: Log pipe server started
2026-01-16 21:35:58,788 [ERROR] [MainThread] [root/weather.py:60]: API key or location is missing. Please provide a valid API key and location.
2026-01-16 21:35:58,841 [INFO] [MainThread] [root/service.py:39]: AudioInputService starting...
2026-01-16 21:35:58,920 [INFO] [MainThread] [root/service.py:48]: AudioOutputService starting...
2026-01-16 21:35:59,204 [INFO] [MainThread] [root/bar_manager.py:85]: Starting WindowsNotificationEventListener...
2026-01-16 21:35:59,206 [INFO] [MainThread] [root/bar_manager.py:85]: Starting SystemEventListener...
2026-01-16 21:35:59,207 [INFO] [MainThread] [root/watcher.py:54]: Created file watcher for path C:\Users\19411_4bs7lzt\.config\yasb
2026-01-16 21:35:59,253 [DEBUG] [MainThread] [qasync._windows._EventPoller/_windows.py:215]: Starting (proactor: <_IocpProactor overlapped#=0 result#=0>)...
2026-01-16 21:35:59,254 [DEBUG] [Dummy-5] [qasync._windows._EventWorker/_windows.py:195]: Thread started
2026-01-16 21:36:47,561 [INFO] [MainThread] [root/controller.py:15]: Reloading Application from tray...
2026-01-16 21:36:47,664 [INFO] [MainThread] [cli_server/cli_server.py:112]: Log pipe server stopped
2026-01-16 21:36:47,665 [DEBUG] [MainThread] [cli_server/cli_server.py:206]: CLI server stopped
2026-01-16 21:36:47,744 [INFO] [MainThread] [root/bar_manager.py:92]: Stopping WindowsNotificationEventListener...
2026-01-16 21:36:47,745 [INFO] [MainThread] [root/bar_manager.py:92]: Stopping SystemEventListener...
2026-01-16 21:36:47,750 [DEBUG] [MainThread] [qasync._windows._EventPoller/_windows.py:220]: Stopping worker thread...
2026-01-16 21:36:47,757 [DEBUG] [Dummy-5] [qasync._windows._EventWorker/_windows.py:204]: Exiting thread
2026-01-16 21:36:47,760 [DEBUG] [MainThread] [qasync._windows._IocpProactor/_windows.py:78]: Closing
2026-01-16 21:36:48,614 [INFO] [MainThread] [root/log.py:69]: YASB v1.8.6
2026-01-16 21:36:48,616 [INFO] [Thread-1 (_run_server)] [cli_server/cli_server.py:212]: CLI server started v1.1.4
2026-01-16 21:36:48,616 [INFO] [MainThread] [cli_server/cli_server.py:104]: Log pipe server started
2026-01-16 21:36:49,670 [ERROR] [MainThread] [root/weather.py:60]: API key or location is missing. Please provide a valid API key and location.
2026-01-16 21:36:49,712 [INFO] [MainThread] [root/service.py:39]: AudioInputService starting...
2026-01-16 21:36:49,811 [INFO] [MainThread] [root/service.py:48]: AudioOutputService starting...
2026-01-16 21:36:50,115 [INFO] [MainThread] [root/bar_manager.py:85]: Starting WindowsNotificationEventListener...
2026-01-16 21:36:50,116 [INFO] [MainThread] [root/bar_manager.py:85]: Starting SystemEventListener...
2026-01-16 21:36:50,117 [INFO] [MainThread] [root/watcher.py:54]: Created file watcher for path C:\Users\19411_4bs7lzt\.config\yasb
2026-01-16 21:36:50,154 [DEBUG] [MainThread] [qasync._windows._EventPoller/_windows.py:215]: Starting (proactor: <_IocpProactor overlapped#=0 result#=0>)...
2026-01-16 21:36:50,156 [DEBUG] [Dummy-5] [qasync._windows._EventWorker/_windows.py:195]: Thread started
2026-01-16 21:36:59,183 [INFO] [MainThread] [root/log.py:69]: YASB v1.8.6
2026-01-16 21:36:59,184 [INFO] [Thread-1 (_run_server)] [cli_server/cli_server.py:212]: CLI server started v1.1.4
2026-01-16 21:36:59,185 [INFO] [MainThread] [cli_server/cli_server.py:104]: Log pipe server started
2026-01-16 21:37:00,196 [ERROR] [MainThread] [root/weather.py:60]: API key or location is missing. Please provide a valid API key and location.
2026-01-16 21:37:00,252 [INFO] [MainThread] [root/service.py:39]: AudioInputService starting...
2026-01-16 21:37:00,346 [INFO] [MainThread] [root/service.py:48]: AudioOutputService starting...
2026-01-16 21:37:00,691 [INFO] [MainThread] [root/bar_manager.py:85]: Starting WindowsNotificationEventListener...
2026-01-16 21:37:00,692 [INFO] [MainThread] [root/bar_manager.py:85]: Starting SystemEventListener...
2026-01-16 21:37:00,692 [INFO] [MainThread] [root/watcher.py:54]: Created file watcher for path C:\Users\19411_4bs7lzt\.config\yasb
2026-01-16 21:37:00,738 [DEBUG] [MainThread] [qasync._windows._EventPoller/_windows.py:215]: Starting (proactor: <_IocpProactor overlapped#=0 result#=0>)...
2026-01-16 21:37:00,739 [DEBUG] [Dummy-5] [qasync._windows._EventWorker/_windows.py:195]: Thread started
2026-01-16 21:37:41,823 [INFO] [MainThread] [root/controller.py:35]: Exiting Application from tray...
2026-01-16 21:37:41,936 [INFO] [MainThread] [cli_server/cli_server.py:112]: Log pipe server stopped
2026-01-16 21:37:41,936 [DEBUG] [MainThread] [cli_server/cli_server.py:206]: CLI server stopped
2026-01-16 21:37:42,021 [INFO] [MainThread] [root/bar_manager.py:92]: Stopping WindowsNotificationEventListener...
2026-01-16 21:37:42,021 [INFO] [MainThread] [root/bar_manager.py:92]: Stopping SystemEventListener...
2026-01-16 21:37:42,026 [DEBUG] [MainThread] [qasync._windows._EventPoller/_windows.py:220]: Stopping worker thread...
2026-01-16 21:37:42,030 [DEBUG] [Dummy-5] [qasync._windows._EventWorker/_windows.py:204]: Exiting thread
2026-01-16 21:37:42,032 [DEBUG] [MainThread] [qasync._windows._IocpProactor/_windows.py:78]: Closing
2026-01-16 21:37:54,694 [INFO] [MainThread] [root/log.py:69]: YASB v1.8.6
2026-01-16 21:37:54,695 [INFO] [Thread-1 (_run_server)] [cli_server/cli_server.py:212]: CLI server started v1.1.4
2026-01-16 21:37:54,696 [INFO] [MainThread] [cli_server/cli_server.py:104]: Log pipe server started
2026-01-16 21:37:55,559 [ERROR] [MainThread] [root/weather.py:60]: API key or location is missing. Please provide a valid API key and location.
2026-01-16 21:37:55,581 [INFO] [MainThread] [root/service.py:39]: AudioInputService starting...
2026-01-16 21:37:55,640 [INFO] [MainThread] [root/service.py:48]: AudioOutputService starting...
2026-01-16 21:37:55,909 [INFO] [MainThread] [root/bar_manager.py:85]: Starting WindowsNotificationEventListener...
2026-01-16 21:37:55,910 [INFO] [MainThread] [root/bar_manager.py:85]: Starting SystemEventListener...
2026-01-16 21:37:55,910 [INFO] [MainThread] [root/watcher.py:54]: Created file watcher for path C:\Users\19411_4bs7lzt\.config\yasb
2026-01-16 21:37:55,953 [DEBUG] [MainThread] [qasync._windows._EventPoller/_windows.py:215]: Starting (proactor: <_IocpProactor overlapped#=0 result#=0>)...
2026-01-16 21:37:55,955 [DEBUG] [Dummy-5] [qasync._windows._EventWorker/_windows.py:195]: Thread started
2026-01-16 21:39:34,016 [INFO] [MainThread] [root/log.py:69]: YASB v1.8.6
2026-01-16 21:39:34,017 [INFO] [Thread-1 (_run_server)] [cli_server/cli_server.py:212]: CLI server started v1.1.4
2026-01-16 21:39:34,018 [INFO] [MainThread] [cli_server/cli_server.py:104]: Log pipe server started
2026-01-16 21:39:34,818 [ERROR] [MainThread] [root/weather.py:60]: API key or location is missing. Please provide a valid API key and location.
2026-01-16 21:39:34,840 [INFO] [MainThread] [root/service.py:39]: AudioInputService starting...
2026-01-16 21:39:34,917 [INFO] [MainThread] [root/service.py:48]: AudioOutputService starting...
2026-01-16 21:39:35,259 [INFO] [MainThread] [root/bar_manager.py:85]: Starting WindowsNotificationEventListener...
2026-01-16 21:39:35,260 [INFO] [MainThread] [root/bar_manager.py:85]: Starting SystemEventListener...
2026-01-16 21:39:35,261 [INFO] [MainThread] [root/watcher.py:54]: Created file watcher for path C:\Users\19411_4bs7lzt\.config\yasb
2026-01-16 21:39:35,303 [DEBUG] [MainThread] [qasync._windows._EventPoller/_windows.py:215]: Starting (proactor: <_IocpProactor overlapped#=0 result#=0>)...
2026-01-16 21:39:35,304 [DEBUG] [Dummy-5] [qasync._windows._EventWorker/_windows.py:195]: Thread started
2026-01-16 21:39:44,473 [INFO] [MainThread] [root/log.py:69]: YASB v1.8.6
2026-01-16 21:39:44,474 [INFO] [Thread-1 (_run_server)] [cli_server/cli_server.py:212]: CLI server started v1.1.4
2026-01-16 21:39:44,475 [INFO] [MainThread] [cli_server/cli_server.py:104]: Log pipe server started
2026-01-16 21:39:45,394 [ERROR] [MainThread] [root/weather.py:60]: API key or location is missing. Please provide a valid API key and location.
2026-01-16 21:39:45,425 [INFO] [MainThread] [root/service.py:39]: AudioInputService starting...
2026-01-16 21:39:45,487 [INFO] [MainThread] [root/service.py:48]: AudioOutputService starting...
2026-01-16 21:39:45,772 [INFO] [MainThread] [root/bar_manager.py:85]: Starting WindowsNotificationEventListener...
2026-01-16 21:39:45,773 [INFO] [MainThread] [root/bar_manager.py:85]: Starting SystemEventListener...
2026-01-16 21:39:45,774 [INFO] [MainThread] [root/watcher.py:54]: Created file watcher for path C:\Users\19411_4bs7lzt\.config\yasb
2026-01-16 21:39:45,816 [DEBUG] [MainThread] [qasync._windows._EventPoller/_windows.py:215]: Starting (proactor: <_IocpProactor overlapped#=0 result#=0>)...
2026-01-16 21:39:45,817 [DEBUG] [Dummy-5] [qasync._windows._EventWorker/_windows.py:195]: Thread started
2026-01-16 21:47:46,654 [INFO] [MainThread] [root/controller.py:15]: Reloading Application from tray...
2026-01-16 21:47:46,762 [INFO] [MainThread] [cli_server/cli_server.py:112]: Log pipe server stopped
2026-01-16 21:47:46,763 [DEBUG] [MainThread] [cli_server/cli_server.py:206]: CLI server stopped
2026-01-16 21:47:46,820 [INFO] [MainThread] [root/bar_manager.py:92]: Stopping WindowsNotificationEventListener...
2026-01-16 21:47:46,821 [INFO] [MainThread] [root/bar_manager.py:92]: Stopping SystemEventListener...
2026-01-16 21:47:46,824 [DEBUG] [MainThread] [qasync._windows._EventPoller/_windows.py:220]: Stopping worker thread...
2026-01-16 21:47:46,841 [DEBUG] [Dummy-5] [qasync._windows._EventWorker/_windows.py:204]: Exiting thread
2026-01-16 21:47:46,842 [DEBUG] [MainThread] [qasync._windows._IocpProactor/_windows.py:78]: Closing
2026-01-16 21:47:47,369 [INFO] [MainThread] [root/log.py:69]: YASB v1.8.6
2026-01-16 21:47:47,370 [INFO] [Thread-1 (_run_server)] [cli_server/cli_server.py:212]: CLI server started v1.1.4
2026-01-16 21:47:47,370 [INFO] [MainThread] [cli_server/cli_server.py:104]: Log pipe server started
2026-01-16 21:47:48,070 [ERROR] [MainThread] [root/weather.py:60]: API key or location is missing. Please provide a valid API key and location.
2026-01-16 21:47:48,087 [INFO] [MainThread] [root/service.py:39]: AudioInputService starting...
2026-01-16 21:47:48,140 [INFO] [MainThread] [root/service.py:48]: AudioOutputService starting...
2026-01-16 21:47:48,397 [INFO] [MainThread] [root/bar_manager.py:85]: Starting SystemEventListener...
2026-01-16 21:47:48,397 [INFO] [MainThread] [root/bar_manager.py:85]: Starting WindowsNotificationEventListener...
2026-01-16 21:47:48,413 [INFO] [MainThread] [root/watcher.py:54]: Created file watcher for path C:\Users\19411_4bs7lzt\.config\yasb
2026-01-16 21:47:48,449 [DEBUG] [MainThread] [qasync._windows._EventPoller/_windows.py:215]: Starting (proactor: <_IocpProactor overlapped#=0 result#=0>)...
2026-01-16 21:47:48,450 [DEBUG] [Dummy-5] [qasync._windows._EventWorker/_windows.py:195]: Thread started
2026-01-16 21:51:11,422 [INFO] [MainThread] [root/log.py:69]: YASB v1.8.6
2026-01-16 21:51:11,422 [INFO] [Thread-1 (_run_server)] [cli_server/cli_server.py:212]: CLI server started v1.1.4
2026-01-16 21:51:11,423 [INFO] [MainThread] [cli_server/cli_server.py:104]: Log pipe server started
2026-01-16 21:51:11,940 [ERROR] [MainThread] [root/weather.py:60]: API key or location is missing. Please provide a valid API key and location.
2026-01-16 21:51:11,957 [INFO] [MainThread] [root/service.py:39]: AudioInputService starting...
2026-01-16 21:51:11,986 [INFO] [MainThread] [root/service.py:48]: AudioOutputService starting...
2026-01-16 21:51:12,149 [INFO] [MainThread] [root/bar_manager.py:85]: Starting WindowsNotificationEventListener...
2026-01-16 21:51:12,150 [INFO] [MainThread] [root/bar_manager.py:85]: Starting SystemEventListener...
2026-01-16 21:51:12,150 [INFO] [MainThread] [root/watcher.py:54]: Created file watcher for path C:\Users\19411_4bs7lzt\.config\yasb
2026-01-16 21:51:12,185 [DEBUG] [MainThread] [qasync._windows._EventPoller/_windows.py:215]: Starting (proactor: <_IocpProactor overlapped#=0 result#=0>)...
2026-01-16 21:51:12,186 [DEBUG] [Dummy-5] [qasync._windows._EventWorker/_windows.py:195]: Thread started
2026-01-16 21:52:25,076 [INFO] [MainThread] [root/controller.py:15]: Reloading Application because of config change.
2026-01-16 21:52:25,180 [INFO] [MainThread] [cli_server/cli_server.py:112]: Log pipe server stopped
2026-01-16 21:52:25,180 [DEBUG] [MainThread] [cli_server/cli_server.py:206]: CLI server stopped
2026-01-16 21:52:25,187 [INFO] [MainThread] [root/bar_manager.py:76]: Successfully loaded updated config and re-initialised all bars.
2026-01-16 21:52:25,239 [INFO] [MainThread] [root/bar_manager.py:92]: Stopping WindowsNotificationEventListener...
2026-01-16 21:52:25,240 [INFO] [MainThread] [root/bar_manager.py:92]: Stopping SystemEventListener...
2026-01-16 21:52:25,247 [DEBUG] [MainThread] [qasync._windows._EventPoller/_windows.py:220]: Stopping worker thread...
2026-01-16 21:52:25,256 [DEBUG] [Dummy-5] [qasync._windows._EventWorker/_windows.py:204]: Exiting thread
2026-01-16 21:52:25,257 [DEBUG] [MainThread] [qasync._windows._IocpProactor/_windows.py:78]: Closing
2026-01-16 21:52:25,869 [INFO] [MainThread] [root/log.py:69]: YASB v1.8.6
2026-01-16 21:52:25,870 [INFO] [Thread-1 (_run_server)] [cli_server/cli_server.py:212]: CLI server started v1.1.4
2026-01-16 21:52:25,870 [INFO] [MainThread] [cli_server/cli_server.py:104]: Log pipe server started
2026-01-16 21:52:27,229 [INFO] [MainThread] [root/service.py:48]: AudioOutputService starting...
2026-01-16 21:52:27,485 [INFO] [MainThread] [root/bar_manager.py:85]: Starting SystemEventListener...
2026-01-16 21:52:27,485 [INFO] [MainThread] [root/watcher.py:54]: Created file watcher for path C:\Users\19411_4bs7lzt\.config\yasb
2026-01-16 21:52:27,515 [DEBUG] [MainThread] [qasync._windows._EventPoller/_windows.py:215]: Starting (proactor: <_IocpProactor overlapped#=0 result#=0>)...
2026-01-16 21:52:27,516 [DEBUG] [Dummy-5] [qasync._windows._EventWorker/_windows.py:195]: Thread started
2026-01-16 21:52:27,860 [ERROR] [MainThread] [root/api.py:82]: Weather API invalid JSON response: Expecting value: line 1 column 1 (char 0)
2026-01-16 21:52:27,860 [WARNING] [MainThread] [root/weather.py:594]: Error processing weather data: Weather data is empty.. Retrying fetch in 10 seconds.
2026-01-16 21:52:38,007 [ERROR] [MainThread] [root/api.py:82]: Weather API invalid JSON response: Expecting value: line 1 column 1 (char 0)
2026-01-16 21:52:38,007 [WARNING] [MainThread] [root/weather.py:594]: Error processing weather data: Weather data is empty.. Retrying fetch in 10 seconds.
2026-01-16 21:52:48,144 [ERROR] [MainThread] [root/api.py:82]: Weather API invalid JSON response: Expecting value: line 1 column 1 (char 0)
2026-01-16 21:52:48,144 [WARNING] [MainThread] [root/weather.py:594]: Error processing weather data: Weather data is empty.. Retrying fetch in 10 seconds.
2026-01-16 21:52:58,268 [ERROR] [MainThread] [root/api.py:82]: Weather API invalid JSON response: Expecting value: line 1 column 1 (char 0)
2026-01-16 21:52:58,268 [WARNING] [MainThread] [root/weather.py:594]: Error processing weather data: Weather data is empty.. Retrying fetch in 10 seconds.
2026-01-16 21:53:07,741 [WARNING] [MainThread] [root/api.py:137]: Failed to fetch icon N/A: ProtocolUnknownError 301
2026-01-16 21:53:08,405 [ERROR] [MainThread] [root/api.py:82]: Weather API invalid JSON response: Expecting value: line 1 column 1 (char 0)
2026-01-16 21:53:08,405 [WARNING] [MainThread] [root/weather.py:594]: Error processing weather data: Weather data is empty.. Retrying fetch in 10 seconds.
2026-01-16 21:53:18,542 [ERROR] [MainThread] [root/api.py:82]: Weather API invalid JSON response: Expecting value: line 1 column 1 (char 0)
2026-01-16 21:53:18,543 [WARNING] [MainThread] [root/weather.py:594]: Error processing weather data: Weather data is empty.. Retrying fetch in 10 seconds.
2026-01-16 21:53:28,682 [ERROR] [MainThread] [root/api.py:82]: Weather API invalid JSON response: Expecting value: line 1 column 1 (char 0)
2026-01-16 21:53:28,682 [WARNING] [MainThread] [root/weather.py:594]: Error processing weather data: Weather data is empty.. Retrying fetch in 10 seconds.
2026-01-16 21:53:38,832 [ERROR] [MainThread] [root/api.py:82]: Weather API invalid JSON response: Expecting value: line 1 column 1 (char 0)
2026-01-16 21:53:38,833 [WARNING] [MainThread] [root/weather.py:594]: Error processing weather data: Weather data is empty.. Retrying fetch in 10 seconds.
2026-01-16 21:53:48,976 [ERROR] [MainThread] [root/api.py:82]: Weather API invalid JSON response: Expecting value: line 1 column 1 (char 0)
2026-01-16 21:53:48,976 [WARNING] [MainThread] [root/weather.py:594]: Error processing weather data: Weather data is empty.. Retrying fetch in 10 seconds.
2026-01-16 21:53:59,152 [ERROR] [MainThread] [root/api.py:82]: Weather API invalid JSON response: Expecting value: line 1 column 1 (char 0)
2026-01-16 21:53:59,153 [WARNING] [MainThread] [root/weather.py:594]: Error processing weather data: Weather data is empty.. Retrying fetch in 10 seconds.
2026-01-16 21:54:09,317 [ERROR] [MainThread] [root/api.py:82]: Weather API invalid JSON response: Expecting value: line 1 column 1 (char 0)
2026-01-16 21:54:09,317 [WARNING] [MainThread] [root/weather.py:594]: Error processing weather data: Weather data is empty.. Retrying fetch in 10 seconds.
2026-01-16 21:54:19,482 [ERROR] [MainThread] [root/api.py:82]: Weather API invalid JSON response: Expecting value: line 1 column 1 (char 0)
2026-01-16 21:54:19,483 [WARNING] [MainThread] [root/weather.py:594]: Error processing weather data: Weather data is empty.. Retrying fetch in 10 seconds.
2026-01-16 21:54:29,602 [ERROR] [MainThread] [root/api.py:82]: Weather API invalid JSON response: Expecting value: line 1 column 1 (char 0)
2026-01-16 21:54:29,603 [WARNING] [MainThread] [root/weather.py:594]: Error processing weather data: Weather data is empty.. Retrying fetch in 10 seconds.
2026-01-16 21:54:39,738 [ERROR] [MainThread] [root/api.py:82]: Weather API invalid JSON response: Expecting value: line 1 column 1 (char 0)
2026-01-16 21:54:39,738 [WARNING] [MainThread] [root/weather.py:594]: Error processing weather data: Weather data is empty.. Retrying fetch in 10 seconds.
2026-01-16 21:54:49,929 [ERROR] [MainThread] [root/api.py:82]: Weather API invalid JSON response: Expecting value: line 1 column 1 (char 0)
2026-01-16 21:54:49,929 [WARNING] [MainThread] [root/weather.py:594]: Error processing weather data: Weather data is empty.. Retrying fetch in 10 seconds.
2026-01-16 21:55:00,104 [ERROR] [MainThread] [root/api.py:82]: Weather API invalid JSON response: Expecting value: line 1 column 1 (char 0)
2026-01-16 21:55:00,104 [WARNING] [MainThread] [root/weather.py:594]: Error processing weather data: Weather data is empty.. Retrying fetch in 10 seconds.
2026-01-16 21:55:10,234 [ERROR] [MainThread] [root/api.py:82]: Weather API invalid JSON response: Expecting value: line 1 column 1 (char 0)
2026-01-16 21:55:10,234 [WARNING] [MainThread] [root/weather.py:594]: Error processing weather data: Weather data is empty.. Retrying fetch in 10 seconds.
2026-01-16 21:55:20,373 [ERROR] [MainThread] [root/api.py:82]: Weather API invalid JSON response: Expecting value: line 1 column 1 (char 0)
2026-01-16 21:55:20,373 [WARNING] [MainThread] [root/weather.py:594]: Error processing weather data: Weather data is empty.. Retrying fetch in 10 seconds.
2026-01-16 21:55:30,510 [ERROR] [MainThread] [root/api.py:82]: Weather API invalid JSON response: Expecting value: line 1 column 1 (char 0)
2026-01-16 21:55:30,510 [WARNING] [MainThread] [root/weather.py:594]: Error processing weather data: Weather data is empty.. Retrying fetch in 10 seconds.
2026-01-16 21:55:39,937 [INFO] [Thread-1 (_run_server)] [cli_server/cli_server.py:253]: CLI server received command: stop
2026-01-16 21:55:39,937 [INFO] [Thread-1 (_run_server)] [root/controller.py:35]: Exiting Application from CLI...
2026-01-16 21:55:40,043 [INFO] [Thread-1 (_run_server)] [cli_server/cli_server.py:112]: Log pipe server stopped
2026-01-16 21:55:40,043 [DEBUG] [Thread-1 (_run_server)] [cli_server/cli_server.py:206]: CLI server stopped
2026-01-16 21:55:40,537 [INFO] [MainThread] [root/bar_manager.py:92]: Stopping SystemEventListener...
2026-01-16 21:55:40,547 [DEBUG] [MainThread] [qasync._windows._EventPoller/_windows.py:220]: Stopping worker thread...
2026-01-16 21:55:40,557 [DEBUG] [Dummy-5] [qasync._windows._EventWorker/_windows.py:204]: Exiting thread
2026-01-16 21:55:40,559 [DEBUG] [MainThread] [qasync._windows._IocpProactor/_windows.py:78]: Closing
2026-01-16 21:55:41,362 [INFO] [MainThread] [root/log.py:69]: YASB v1.8.6
2026-01-16 21:55:41,363 [INFO] [Thread-1 (_run_server)] [cli_server/cli_server.py:212]: CLI server started v1.1.4
2026-01-16 21:55:41,363 [INFO] [MainThread] [cli_server/cli_server.py:104]: Log pipe server started
2026-01-16 21:55:41,957 [INFO] [MainThread] [root/service.py:48]: AudioOutputService starting...
2026-01-16 21:55:42,551 [INFO] [MainThread] [root/bar_manager.py:85]: Starting SystemEventListener...
2026-01-16 21:55:42,552 [INFO] [MainThread] [root/bar_manager.py:85]: Starting KomorebiEventListener...
2026-01-16 21:55:42,552 [INFO] [MainThread] [root/watcher.py:54]: Created file watcher for path C:\Users\19411_4bs7lzt\.config\yasb
2026-01-16 21:55:42,553 [INFO] [Dummy-10] [root/event_listener.py:51]: Created named pipe yasb-0c40439f-f2e3-11f0-bb36-64497d51adc8
2026-01-16 21:55:42,585 [DEBUG] [MainThread] [qasync._windows._EventPoller/_windows.py:215]: Starting (proactor: <_IocpProactor overlapped#=0 result#=0>)...
2026-01-16 21:55:42,587 [DEBUG] [Dummy-13] [qasync._windows._EventWorker/_windows.py:195]: Thread started
2026-01-16 21:55:42,623 [ERROR] [MainThread] [root/media.py:1060]: Error creating corner mask, return default thumb: y1 must be greater than or equal to y0
2026-01-16 21:55:43,068 [ERROR] [MainThread] [root/api.py:84]: Weather response error 401: API key is invalid.
2026-01-16 21:55:43,068 [WARNING] [MainThread] [root/weather.py:594]: Error processing weather data: Weather data is empty.. Retrying fetch in 10 seconds.
2026-01-16 21:55:53,382 [ERROR] [MainThread] [root/api.py:84]: Weather response error 401: API key is invalid.
2026-01-16 21:55:53,382 [WARNING] [MainThread] [root/weather.py:594]: Error processing weather data: Weather data is empty.. Retrying fetch in 10 seconds.
2026-01-16 21:56:03,715 [ERROR] [MainThread] [root/api.py:84]: Weather response error 401: API key is invalid.
2026-01-16 21:56:03,716 [WARNING] [MainThread] [root/weather.py:594]: Error processing weather data: Weather data is empty.. Retrying fetch in 10 seconds.
2026-01-16 21:56:14,017 [ERROR] [MainThread] [root/api.py:84]: Weather response error 401: API key is invalid.
2026-01-16 21:56:14,017 [WARNING] [MainThread] [root/weather.py:594]: Error processing weather data: Weather data is empty.. Retrying fetch in 10 seconds.
2026-01-16 21:56:24,333 [ERROR] [MainThread] [root/api.py:84]: Weather response error 401: API key is invalid.
2026-01-16 21:56:24,333 [WARNING] [MainThread] [root/weather.py:594]: Error processing weather data: Weather data is empty.. Retrying fetch in 10 seconds.
2026-01-16 21:56:34,636 [ERROR] [MainThread] [root/api.py:84]: Weather response error 401: API key is invalid.
2026-01-16 21:56:34,636 [WARNING] [MainThread] [root/weather.py:594]: Error processing weather data: Weather data is empty.. Retrying fetch in 10 seconds.
2026-01-16 21:56:44,965 [ERROR] [MainThread] [root/api.py:84]: Weather response error 401: API key is invalid.
2026-01-16 21:56:44,966 [WARNING] [MainThread] [root/weather.py:594]: Error processing weather data: Weather data is empty.. Retrying fetch in 10 seconds.
2026-01-16 21:56:55,313 [ERROR] [MainThread] [root/api.py:84]: Weather response error 401: API key is invalid.
2026-01-16 21:56:55,314 [WARNING] [MainThread] [root/weather.py:594]: Error processing weather data: Weather data is empty.. Retrying fetch in 10 seconds.
2026-01-16 21:57:05,634 [ERROR] [MainThread] [root/api.py:84]: Weather response error 401: API key is invalid.
2026-01-16 21:57:05,634 [WARNING] [MainThread] [root/weather.py:594]: Error processing weather data: Weather data is empty.. Retrying fetch in 10 seconds.
2026-01-16 21:57:15,928 [ERROR] [MainThread] [root/api.py:84]: Weather response error 401: API key is invalid.
2026-01-16 21:57:15,928 [WARNING] [MainThread] [root/weather.py:594]: Error processing weather data: Weather data is empty.. Retrying fetch in 10 seconds.
2026-01-16 21:57:26,233 [ERROR] [MainThread] [root/api.py:84]: Weather response error 401: API key is invalid.
2026-01-16 21:57:26,233 [WARNING] [MainThread] [root/weather.py:594]: Error processing weather data: Weather data is empty.. Retrying fetch in 10 seconds.
2026-01-16 21:57:36,523 [ERROR] [MainThread] [root/api.py:84]: Weather response error 401: API key is invalid.
2026-01-16 21:57:36,524 [WARNING] [MainThread] [root/weather.py:594]: Error processing weather data: Weather data is empty.. Retrying fetch in 10 seconds.
2026-01-16 21:57:46,829 [ERROR] [MainThread] [root/api.py:84]: Weather response error 401: API key is invalid.
2026-01-16 21:57:46,829 [WARNING] [MainThread] [root/weather.py:594]: Error processing weather data: Weather data is empty.. Retrying fetch in 10 seconds.
2026-01-16 21:57:57,185 [ERROR] [MainThread] [root/api.py:84]: Weather response error 401: API key is invalid.
2026-01-16 21:57:57,185 [WARNING] [MainThread] [root/weather.py:594]: Error processing weather data: Weather data is empty.. Retrying fetch in 10 seconds.
2026-01-16 21:58:07,577 [ERROR] [MainThread] [root/api.py:84]: Weather response error 401: API key is invalid.
2026-01-16 21:58:07,577 [WARNING] [MainThread] [root/weather.py:594]: Error processing weather data: Weather data is empty.. Retrying fetch in 10 seconds.
2026-01-16 21:58:17,904 [ERROR] [MainThread] [root/api.py:84]: Weather response error 401: API key is invalid.
2026-01-16 21:58:17,904 [WARNING] [MainThread] [root/weather.py:594]: Error processing weather data: Weather data is empty.. Retrying fetch in 10 seconds.
2026-01-16 21:58:28,208 [ERROR] [MainThread] [root/api.py:84]: Weather response error 401: API key is invalid.
2026-01-16 21:58:28,208 [WARNING] [MainThread] [root/weather.py:594]: Error processing weather data: Weather data is empty.. Retrying fetch in 10 seconds.
2026-01-16 21:58:38,523 [ERROR] [MainThread] [root/api.py:84]: Weather response error 401: API key is invalid.
2026-01-16 21:58:38,523 [WARNING] [MainThread] [root/weather.py:594]: Error processing weather data: Weather data is empty.. Retrying fetch in 10 seconds.
2026-01-16 21:58:48,873 [ERROR] [MainThread] [root/api.py:84]: Weather response error 401: API key is invalid.
2026-01-16 21:58:48,873 [WARNING] [MainThread] [root/weather.py:594]: Error processing weather data: Weather data is empty.. Retrying fetch in 10 seconds.
2026-01-16 21:58:59,214 [ERROR] [MainThread] [root/api.py:84]: Weather response error 401: API key is invalid.
2026-01-16 21:58:59,214 [WARNING] [MainThread] [root/weather.py:594]: Error processing weather data: Weather data is empty.. Retrying fetch in 10 seconds.
2026-01-16 21:59:09,571 [ERROR] [MainThread] [root/api.py:84]: Weather response error 401: API key is invalid.
2026-01-16 21:59:09,571 [WARNING] [MainThread] [root/weather.py:594]: Error processing weather data: Weather data is empty.. Retrying fetch in 10 seconds.
2026-01-16 21:59:19,879 [ERROR] [MainThread] [root/api.py:84]: Weather response error 401: API key is invalid.
2026-01-16 21:59:19,879 [WARNING] [MainThread] [root/weather.py:594]: Error processing weather data: Weather data is empty.. Retrying fetch in 10 seconds.
2026-01-16 21:59:30,194 [ERROR] [MainThread] [root/api.py:84]: Weather response error 401: API key is invalid.
2026-01-16 21:59:30,194 [WARNING] [MainThread] [root/weather.py:594]: Error processing weather data: Weather data is empty.. Retrying fetch in 10 seconds.
2026-01-16 21:59:40,562 [ERROR] [MainThread] [root/api.py:84]: Weather response error 401: API key is invalid.
2026-01-16 21:59:40,562 [WARNING] [MainThread] [root/weather.py:594]: Error processing weather data: Weather data is empty.. Retrying fetch in 10 seconds.
2026-01-16 21:59:50,859 [ERROR] [MainThread] [root/api.py:84]: Weather response error 401: API key is invalid.
2026-01-16 21:59:50,860 [WARNING] [MainThread] [root/weather.py:594]: Error processing weather data: Weather data is empty.. Retrying fetch in 10 seconds.
2026-01-16 22:00:01,186 [ERROR] [MainThread] [root/api.py:84]: Weather response error 401: API key is invalid.
2026-01-16 22:00:01,186 [WARNING] [MainThread] [root/weather.py:594]: Error processing weather data: Weather data is empty.. Retrying fetch in 10 seconds.
2026-01-16 22:00:11,485 [ERROR] [MainThread] [root/api.py:84]: Weather response error 401: API key is invalid.
2026-01-16 22:00:11,485 [WARNING] [MainThread] [root/weather.py:594]: Error processing weather data: Weather data is empty.. Retrying fetch in 10 seconds.
2026-01-16 22:00:22,014 [ERROR] [MainThread] [root/api.py:84]: Weather response error 401: API key is invalid.
2026-01-16 22:00:22,014 [WARNING] [MainThread] [root/weather.py:594]: Error processing weather data: Weather data is empty.. Retrying fetch in 10 seconds.
2026-01-16 22:00:32,332 [ERROR] [MainThread] [root/api.py:84]: Weather response error 401: API key is invalid.
2026-01-16 22:00:32,333 [WARNING] [MainThread] [root/weather.py:594]: Error processing weather data: Weather data is empty.. Retrying fetch in 10 seconds.
2026-01-16 22:00:42,647 [ERROR] [MainThread] [root/api.py:84]: Weather response error 401: API key is invalid.
2026-01-16 22:00:42,647 [WARNING] [MainThread] [root/weather.py:594]: Error processing weather data: Weather data is empty.. Retrying fetch in 10 seconds.
2026-01-16 22:00:52,978 [ERROR] [MainThread] [root/api.py:84]: Weather response error 401: API key is invalid.
2026-01-16 22:00:52,978 [WARNING] [MainThread] [root/weather.py:594]: Error processing weather data: Weather data is empty.. Retrying fetch in 10 seconds.
2026-01-16 22:01:03,292 [ERROR] [MainThread] [root/api.py:84]: Weather response error 401: API key is invalid.
2026-01-16 22:01:03,292 [WARNING] [MainThread] [root/weather.py:594]: Error processing weather data: Weather data is empty.. Retrying fetch in 10 seconds.
2026-01-16 22:01:13,612 [ERROR] [MainThread] [root/api.py:84]: Weather response error 401: API key is invalid.
2026-01-16 22:01:13,612 [WARNING] [MainThread] [root/weather.py:594]: Error processing weather data: Weather data is empty.. Retrying fetch in 10 seconds.
2026-01-16 22:01:23,923 [ERROR] [MainThread] [root/api.py:84]: Weather response error 401: API key is invalid.
2026-01-16 22:01:23,923 [WARNING] [MainThread] [root/weather.py:594]: Error processing weather data: Weather data is empty.. Retrying fetch in 10 seconds.
2026-01-16 22:01:34,222 [ERROR] [MainThread] [root/api.py:84]: Weather response error 401: API key is invalid.
2026-01-16 22:01:34,222 [WARNING] [MainThread] [root/weather.py:594]: Error processing weather data: Weather data is empty.. Retrying fetch in 10 seconds.
2026-01-16 22:01:44,544 [ERROR] [MainThread] [root/api.py:84]: Weather response error 401: API key is invalid.
2026-01-16 22:01:44,544 [WARNING] [MainThread] [root/weather.py:594]: Error processing weather data: Weather data is empty.. Retrying fetch in 10 seconds.
2026-01-16 22:01:54,882 [ERROR] [MainThread] [root/api.py:84]: Weather response error 401: API key is invalid.
2026-01-16 22:01:54,883 [WARNING] [MainThread] [root/weather.py:594]: Error processing weather data: Weather data is empty.. Retrying fetch in 10 seconds.
2026-01-16 22:02:05,211 [ERROR] [MainThread] [root/api.py:84]: Weather response error 401: API key is invalid.
2026-01-16 22:02:05,212 [WARNING] [MainThread] [root/weather.py:594]: Error processing weather data: Weather data is empty.. Retrying fetch in 10 seconds.
2026-01-16 22:02:15,563 [ERROR] [MainThread] [root/api.py:84]: Weather response error 401: API key is invalid.
2026-01-16 22:02:15,563 [WARNING] [MainThread] [root/weather.py:594]: Error processing weather data: Weather data is empty.. Retrying fetch in 10 seconds.
2026-01-16 22:02:25,910 [ERROR] [MainThread] [root/api.py:84]: Weather response error 401: API key is invalid.
2026-01-16 22:02:25,910 [WARNING] [MainThread] [root/weather.py:594]: Error processing weather data: Weather data is empty.. Retrying fetch in 10 seconds.
2026-01-16 22:02:34,603 [DEBUG] [MainThread] [wifi_widget/wifi_managers.py:262]: Scanning for WiFi networks...
2026-01-16 22:02:36,240 [ERROR] [MainThread] [root/api.py:84]: Weather response error 401: API key is invalid.
2026-01-16 22:02:36,240 [WARNING] [MainThread] [root/weather.py:594]: Error processing weather data: Weather data is empty.. Retrying fetch in 10 seconds.
2026-01-16 22:02:46,545 [ERROR] [MainThread] [root/api.py:84]: Weather response error 401: API key is invalid.
2026-01-16 22:02:46,546 [WARNING] [MainThread] [root/weather.py:594]: Error processing weather data: Weather data is empty.. Retrying fetch in 10 seconds.
2026-01-16 22:02:57,498 [ERROR] [MainThread] [root/api.py:84]: Weather response error 401: API key is invalid.
2026-01-16 22:02:57,498 [WARNING] [MainThread] [root/weather.py:594]: Error processing weather data: Weather data is empty.. Retrying fetch in 10 seconds.
2026-01-16 22:03:07,846 [ERROR] [MainThread] [root/api.py:84]: Weather response error 401: API key is invalid.
2026-01-16 22:03:07,846 [WARNING] [MainThread] [root/weather.py:594]: Error processing weather data: Weather data is empty.. Retrying fetch in 10 seconds.
2026-01-16 22:03:18,191 [ERROR] [MainThread] [root/api.py:84]: Weather response error 401: API key is invalid.
2026-01-16 22:03:18,192 [WARNING] [MainThread] [root/weather.py:594]: Error processing weather data: Weather data is empty.. Retrying fetch in 10 seconds.
2026-01-16 22:03:28,507 [ERROR] [MainThread] [root/api.py:84]: Weather response error 401: API key is invalid.
2026-01-16 22:03:28,507 [WARNING] [MainThread] [root/weather.py:594]: Error processing weather data: Weather data is empty.. Retrying fetch in 10 seconds.
2026-01-16 22:03:38,805 [ERROR] [MainThread] [root/api.py:84]: Weather response error 401: API key is invalid.
2026-01-16 22:03:38,805 [WARNING] [MainThread] [root/weather.py:594]: Error processing weather data: Weather data is empty.. Retrying fetch in 10 seconds.
2026-01-16 22:03:49,151 [ERROR] [MainThread] [root/api.py:84]: Weather response error 401: API key is invalid.
2026-01-16 22:03:49,151 [WARNING] [MainThread] [root/weather.py:594]: Error processing weather data: Weather data is empty.. Retrying fetch in 10 seconds.
2026-01-16 22:03:59,458 [ERROR] [MainThread] [root/api.py:84]: Weather response error 401: API key is invalid.
2026-01-16 22:03:59,458 [WARNING] [MainThread] [root/weather.py:594]: Error processing weather data: Weather data is empty.. Retrying fetch in 10 seconds.
2026-01-16 22:04:09,760 [ERROR] [MainThread] [root/api.py:84]: Weather response error 401: API key is invalid.
2026-01-16 22:04:09,760 [WARNING] [MainThread] [root/weather.py:594]: Error processing weather data: Weather data is empty.. Retrying fetch in 10 seconds.
2026-01-16 22:04:15,173 [INFO] [MainThread] [root/controller.py:15]: Reloading Application because of config change.
2026-01-16 22:04:15,275 [INFO] [MainThread] [cli_server/cli_server.py:112]: Log pipe server stopped
2026-01-16 22:04:15,275 [DEBUG] [MainThread] [cli_server/cli_server.py:206]: CLI server stopped
2026-01-16 22:04:15,286 [INFO] [MainThread] [root/bar_manager.py:76]: Successfully loaded updated config and re-initialised all bars.
2026-01-16 22:04:16,904 [INFO] [MainThread] [root/bar_manager.py:92]: Stopping SystemEventListener...
2026-01-16 22:04:16,905 [INFO] [MainThread] [root/bar_manager.py:92]: Stopping KomorebiEventListener...
2026-01-16 22:04:16,919 [DEBUG] [MainThread] [qasync._windows._EventPoller/_windows.py:220]: Stopping worker thread...
2026-01-16 22:04:16,927 [DEBUG] [Dummy-13] [qasync._windows._EventWorker/_windows.py:204]: Exiting thread
2026-01-16 22:04:16,929 [DEBUG] [MainThread] [qasync._windows._IocpProactor/_windows.py:78]: Closing
2026-01-16 22:04:17,754 [INFO] [MainThread] [root/log.py:69]: YASB v1.8.6
2026-01-16 22:04:17,755 [INFO] [Thread-1 (_run_server)] [cli_server/cli_server.py:212]: CLI server started v1.1.4
2026-01-16 22:04:17,755 [INFO] [MainThread] [cli_server/cli_server.py:104]: Log pipe server started
2026-01-16 22:04:19,594 [INFO] [MainThread] [root/service.py:48]: AudioOutputService starting...
2026-01-16 22:04:20,270 [INFO] [MainThread] [root/bar_manager.py:85]: Starting SystemEventListener...
2026-01-16 22:04:20,270 [INFO] [MainThread] [root/bar_manager.py:85]: Starting KomorebiEventListener...
2026-01-16 22:04:20,271 [INFO] [MainThread] [root/watcher.py:54]: Created file watcher for path C:\Users\19411_4bs7lzt\.config\yasb
2026-01-16 22:04:20,272 [INFO] [Dummy-10] [root/event_listener.py:51]: Created named pipe yasb-40d5e2a5-f2e4-11f0-887d-64497d51adc8
2026-01-16 22:04:20,329 [DEBUG] [MainThread] [qasync._windows._EventPoller/_windows.py:215]: Starting (proactor: <_IocpProactor overlapped#=0 result#=0>)...
2026-01-16 22:04:20,331 [DEBUG] [Dummy-13] [qasync._windows._EventWorker/_windows.py:195]: Thread started
2026-01-16 22:04:20,815 [ERROR] [MainThread] [root/api.py:84]: Weather response error 401: API key is invalid.
2026-01-16 22:04:20,815 [WARNING] [MainThread] [root/weather.py:594]: Error processing weather data: Weather data is empty.. Retrying fetch in 10 seconds.
2026-01-16 22:04:31,131 [ERROR] [MainThread] [root/api.py:84]: Weather response error 401: API key is invalid.
2026-01-16 22:04:31,131 [WARNING] [MainThread] [root/weather.py:594]: Error processing weather data: Weather data is empty.. Retrying fetch in 10 seconds.
2026-01-16 22:04:41,463 [ERROR] [MainThread] [root/api.py:84]: Weather response error 401: API key is invalid.
2026-01-16 22:04:41,464 [WARNING] [MainThread] [root/weather.py:594]: Error processing weather data: Weather data is empty.. Retrying fetch in 10 seconds.
2026-01-16 22:04:51,773 [ERROR] [MainThread] [root/api.py:84]: Weather response error 403: API key has been disabled.
2026-01-16 22:04:51,774 [WARNING] [MainThread] [root/weather.py:594]: Error processing weather data: Weather data is empty.. Retrying fetch in 10 seconds.
2026-01-16 22:05:02,072 [ERROR] [MainThread] [root/api.py:84]: Weather response error 401: API key is invalid.
2026-01-16 22:05:02,072 [WARNING] [MainThread] [root/weather.py:594]: Error processing weather data: Weather data is empty.. Retrying fetch in 10 seconds.
2026-01-16 22:05:12,368 [ERROR] [MainThread] [root/api.py:84]: Weather response error 401: API key is invalid.
2026-01-16 22:05:12,368 [WARNING] [MainThread] [root/weather.py:594]: Error processing weather data: Weather data is empty.. Retrying fetch in 10 seconds.
2026-01-16 22:05:22,681 [ERROR] [MainThread] [root/api.py:84]: Weather response error 401: API key is invalid.
2026-01-16 22:05:22,682 [WARNING] [MainThread] [root/weather.py:594]: Error processing weather data: Weather data is empty.. Retrying fetch in 10 seconds.
2026-01-16 22:05:32,998 [ERROR] [MainThread] [root/api.py:84]: Weather response error 401: API key is invalid.
2026-01-16 22:05:32,998 [WARNING] [MainThread] [root/weather.py:594]: Error processing weather data: Weather data is empty.. Retrying fetch in 10 seconds.
2026-01-16 22:05:43,312 [ERROR] [MainThread] [root/api.py:84]: Weather response error 401: API key is invalid.
2026-01-16 22:05:43,312 [WARNING] [MainThread] [root/weather.py:594]: Error processing weather data: Weather data is empty.. Retrying fetch in 10 seconds.
2026-01-16 22:05:48,812 [INFO] [MainThread] [root/controller.py:15]: Reloading Application from tray...
2026-01-16 22:05:48,920 [INFO] [MainThread] [cli_server/cli_server.py:112]: Log pipe server stopped
2026-01-16 22:05:48,921 [DEBUG] [MainThread] [cli_server/cli_server.py:206]: CLI server stopped
2026-01-16 22:05:50,523 [INFO] [MainThread] [root/bar_manager.py:92]: Stopping SystemEventListener...
2026-01-16 22:05:50,524 [INFO] [MainThread] [root/bar_manager.py:92]: Stopping KomorebiEventListener...
2026-01-16 22:05:50,538 [DEBUG] [MainThread] [qasync._windows._EventPoller/_windows.py:220]: Stopping worker thread...
2026-01-16 22:05:50,540 [DEBUG] [Dummy-13] [qasync._windows._EventWorker/_windows.py:204]: Exiting thread
2026-01-16 22:05:50,543 [DEBUG] [MainThread] [qasync._windows._IocpProactor/_windows.py:78]: Closing
2026-01-16 22:05:51,350 [INFO] [MainThread] [root/log.py:69]: YASB v1.8.6
2026-01-16 22:05:51,351 [INFO] [Thread-1 (_run_server)] [cli_server/cli_server.py:212]: CLI server started v1.1.4
2026-01-16 22:05:51,352 [INFO] [MainThread] [cli_server/cli_server.py:104]: Log pipe server started
2026-01-16 22:05:52,744 [INFO] [MainThread] [root/service.py:48]: AudioOutputService starting...
2026-01-16 22:05:53,420 [INFO] [MainThread] [root/bar_manager.py:85]: Starting SystemEventListener...
2026-01-16 22:05:53,420 [INFO] [MainThread] [root/bar_manager.py:85]: Starting KomorebiEventListener...
2026-01-16 22:05:53,421 [INFO] [MainThread] [root/watcher.py:54]: Created file watcher for path C:\Users\19411_4bs7lzt\.config\yasb
2026-01-16 22:05:53,421 [INFO] [Dummy-10] [root/event_listener.py:51]: Created named pipe yasb-785b6aab-f2e4-11f0-8d7f-64497d51adc8
2026-01-16 22:05:53,483 [DEBUG] [MainThread] [qasync._windows._EventPoller/_windows.py:215]: Starting (proactor: <_IocpProactor overlapped#=0 result#=0>)...
2026-01-16 22:05:53,486 [DEBUG] [Dummy-13] [qasync._windows._EventWorker/_windows.py:195]: Thread started
2026-01-16 22:05:53,837 [ERROR] [MainThread] [root/api.py:84]: Weather response error 401: API key is invalid.
2026-01-16 22:05:53,837 [WARNING] [MainThread] [root/weather.py:594]: Error processing weather data: Weather data is empty.. Retrying fetch in 10 seconds.
2026-01-16 22:06:04,304 [ERROR] [MainThread] [root/api.py:84]: Weather response error 401: API key is invalid.
2026-01-16 22:06:04,304 [WARNING] [MainThread] [root/weather.py:594]: Error processing weather data: Weather data is empty.. Retrying fetch in 10 seconds.
2026-01-16 22:06:14,616 [ERROR] [MainThread] [root/api.py:84]: Weather response error 401: API key is invalid.
2026-01-16 22:06:14,616 [WARNING] [MainThread] [root/weather.py:594]: Error processing weather data: Weather data is empty.. Retrying fetch in 10 seconds.
2026-01-16 22:06:24,940 [ERROR] [MainThread] [root/api.py:84]: Weather response error 401: API key is invalid.
2026-01-16 22:06:24,940 [WARNING] [MainThread] [root/weather.py:594]: Error processing weather data: Weather data is empty.. Retrying fetch in 10 seconds.
2026-01-16 22:06:35,229 [ERROR] [MainThread] [root/api.py:84]: Weather response error 401: API key is invalid.
2026-01-16 22:06:35,229 [WARNING] [MainThread] [root/weather.py:594]: Error processing weather data: Weather data is empty.. Retrying fetch in 10 seconds.
2026-01-16 22:06:45,539 [ERROR] [MainThread] [root/api.py:84]: Weather response error 401: API key is invalid.
2026-01-16 22:06:45,539 [WARNING] [MainThread] [root/weather.py:594]: Error processing weather data: Weather data is empty.. Retrying fetch in 10 seconds.
2026-01-16 22:06:53,381 [INFO] [Thread-1 (_run_server)] [cli_server/cli_server.py:253]: CLI server received command: stop
2026-01-16 22:06:53,381 [INFO] [Thread-1 (_run_server)] [root/controller.py:35]: Exiting Application from CLI...
2026-01-16 22:06:53,486 [INFO] [Thread-1 (_run_server)] [cli_server/cli_server.py:112]: Log pipe server stopped
2026-01-16 22:06:53,487 [DEBUG] [Thread-1 (_run_server)] [cli_server/cli_server.py:206]: CLI server stopped
2026-01-16 22:06:55,084 [INFO] [MainThread] [root/bar_manager.py:92]: Stopping SystemEventListener...
2026-01-16 22:06:55,084 [INFO] [MainThread] [root/bar_manager.py:92]: Stopping KomorebiEventListener...
2026-01-16 22:06:55,099 [DEBUG] [MainThread] [qasync._windows._EventPoller/_windows.py:220]: Stopping worker thread...
2026-01-16 22:06:55,108 [DEBUG] [Dummy-13] [qasync._windows._EventWorker/_windows.py:204]: Exiting thread
2026-01-16 22:06:55,111 [DEBUG] [MainThread] [qasync._windows._IocpProactor/_windows.py:78]: Closing
2026-01-16 22:06:55,759 [INFO] [MainThread] [root/log.py:69]: YASB v1.8.6
2026-01-16 22:06:55,760 [INFO] [Thread-1 (_run_server)] [cli_server/cli_server.py:212]: CLI server started v1.1.4
2026-01-16 22:06:55,760 [INFO] [MainThread] [cli_server/cli_server.py:104]: Log pipe server started
2026-01-16 22:06:56,387 [ERROR] [MainThread] [root/weather.py:60]: API key or location is missing. Please provide a valid API key and location.
2026-01-16 22:06:56,510 [INFO] [MainThread] [root/service.py:48]: AudioOutputService starting...
2026-01-16 22:06:57,139 [INFO] [MainThread] [root/bar_manager.py:85]: Starting SystemEventListener...
2026-01-16 22:06:57,139 [INFO] [MainThread] [root/bar_manager.py:85]: Starting KomorebiEventListener...
2026-01-16 22:06:57,139 [INFO] [MainThread] [root/bar_manager.py:85]: Starting WindowsNotificationEventListener...
2026-01-16 22:06:57,140 [INFO] [Dummy-3] [root/event_listener.py:51]: Created named pipe yasb-9e562b96-f2e4-11f0-a88d-64497d51adc8
2026-01-16 22:06:57,141 [INFO] [MainThread] [root/watcher.py:54]: Created file watcher for path C:\Users\19411_4bs7lzt\.config\yasb
2026-01-16 22:06:57,179 [DEBUG] [MainThread] [qasync._windows._EventPoller/_windows.py:215]: Starting (proactor: <_IocpProactor overlapped#=0 result#=0>)...
2026-01-16 22:06:57,181 [DEBUG] [Dummy-8] [qasync._windows._EventWorker/_windows.py:195]: Thread started
2026-01-16 22:06:57,183 [DEBUG] [MainThread] [systray_widget/systray.py:526]: Loading state from C:\Users\19411_4bs7lzt\AppData\Local\YASB\systray_state_DF27G32QPRO.json
2026-01-16 22:06:57,183 [DEBUG] [MainThread] [systray_widget/systray.py:536]: State file not found.
2026-01-16 22:06:57,184 [DEBUG] [SystrayMonitor] [systray_widget/systray.py:57]: Systray thread is starting...
2026-01-16 22:06:57,217 [DEBUG] [MainThread] [systray_widget/systray.py:277]: Systray thread started
2026-01-16 22:06:57,418 [DEBUG] [SystrayMonitor] [systray_widget/systray_monitor.py:164]: Adding TaskbandHWND prop to hwnd 4064908
2026-01-16 22:06:57,421 [DEBUG] [SystrayMonitor] [systray_widget/systray_monitor.py:242]: Finding real tray hwnd
2026-01-16 22:06:57,423 [DEBUG] [MainThread] [systray_widget/systray_monitor.py:157]: Sending TaskbarCreated message: 49321
2026-01-16 22:13:25,815 [ERROR] [MainThread] [root/app_icons.py:282]: GetIconInfo failed: 57870399
2026-01-16 22:16:00,416 [INFO] [MainThread] [root/controller.py:15]: Reloading Application from tray...
2026-01-16 22:16:00,534 [INFO] [MainThread] [cli_server/cli_server.py:112]: Log pipe server stopped
2026-01-16 22:16:00,534 [DEBUG] [MainThread] [cli_server/cli_server.py:206]: CLI server stopped
2026-01-16 22:16:02,179 [INFO] [MainThread] [root/bar_manager.py:92]: Stopping SystemEventListener...
2026-01-16 22:16:02,181 [INFO] [MainThread] [root/bar_manager.py:92]: Stopping KomorebiEventListener...
2026-01-16 22:16:02,181 [INFO] [MainThread] [root/bar_manager.py:92]: Stopping WindowsNotificationEventListener...
2026-01-16 22:16:02,184 [DEBUG] [MainThread] [systray_widget/systray.py:504]: Saving state to disk
2026-01-16 22:16:02,184 [DEBUG] [MainThread] [systray_widget/systray.py:508]: Saving state to C:\Users\19411_4bs7lzt\AppData\Local\YASB\systray_state_DF27G32QPRO.json
2026-01-16 22:16:02,184 [DEBUG] [MainThread] [systray_widget/systray.py:516]: State file not found.
2026-01-16 22:16:02,185 [DEBUG] [MainThread] [systray_widget/utils.py:96]: Destroying window 4064908
2026-01-16 22:16:02,191 [DEBUG] [MainThread] [qasync._windows._EventPoller/_windows.py:220]: Stopping worker thread...
2026-01-16 22:16:02,199 [DEBUG] [Dummy-8] [qasync._windows._EventWorker/_windows.py:204]: Exiting thread
2026-01-16 22:16:02,204 [DEBUG] [MainThread] [qasync._windows._IocpProactor/_windows.py:78]: Closing
2026-01-16 22:16:02,229 [DEBUG] [MainThread] [systray_widget/utils.py:96]: Destroying window 4064908
2026-01-16 22:16:02,514 [INFO] [MainThread] [root/log.py:69]: YASB v1.8.6
2026-01-16 22:16:02,515 [INFO] [Thread-1 (_run_server)] [cli_server/cli_server.py:212]: CLI server started v1.1.4
2026-01-16 22:16:02,515 [INFO] [MainThread] [cli_server/cli_server.py:104]: Log pipe server started
2026-01-16 22:16:03,036 [ERROR] [MainThread] [root/weather.py:60]: API key or location is missing. Please provide a valid API key and location.
2026-01-16 22:16:03,147 [INFO] [MainThread] [root/service.py:48]: AudioOutputService starting...
2026-01-16 22:16:03,895 [INFO] [MainThread] [root/bar_manager.py:85]: Starting WindowsNotificationEventListener...
2026-01-16 22:16:03,896 [INFO] [MainThread] [root/bar_manager.py:85]: Starting KomorebiEventListener...
2026-01-16 22:16:03,896 [INFO] [MainThread] [root/bar_manager.py:85]: Starting SystemEventListener...
2026-01-16 22:16:03,896 [INFO] [MainThread] [root/watcher.py:54]: Created file watcher for path C:\Users\19411_4bs7lzt\.config\yasb
2026-01-16 22:16:03,897 [INFO] [Dummy-5] [root/event_listener.py:51]: Created named pipe yasb-e43a9839-f2e5-11f0-8686-64497d51adc8
2026-01-16 22:16:03,936 [DEBUG] [MainThread] [qasync._windows._EventPoller/_windows.py:215]: Starting (proactor: <_IocpProactor overlapped#=0 result#=0>)...
2026-01-16 22:16:03,937 [DEBUG] [Dummy-8] [qasync._windows._EventWorker/_windows.py:195]: Thread started
2026-01-16 22:16:03,939 [DEBUG] [MainThread] [systray_widget/systray.py:526]: Loading state from C:\Users\19411_4bs7lzt\AppData\Local\YASB\systray_state_DF27G32QPRO.json
2026-01-16 22:16:03,941 [DEBUG] [SystrayMonitor] [systray_widget/systray.py:57]: Systray thread is starting...
2026-01-16 22:16:03,963 [DEBUG] [MainThread] [systray_widget/systray.py:277]: Systray thread started
2026-01-16 22:16:04,166 [DEBUG] [SystrayMonitor] [systray_widget/systray_monitor.py:164]: Adding TaskbandHWND prop to hwnd 1443758
2026-01-16 22:16:04,167 [DEBUG] [SystrayMonitor] [systray_widget/systray_monitor.py:242]: Finding real tray hwnd
2026-01-16 22:16:04,170 [DEBUG] [MainThread] [systray_widget/systray_monitor.py:157]: Sending TaskbarCreated message: 49321
2026-01-16 22:16:34,963 [INFO] [MainThread] [root/controller.py:35]: Exiting Application from tray...
2026-01-16 22:16:35,077 [INFO] [MainThread] [cli_server/cli_server.py:112]: Log pipe server stopped
2026-01-16 22:16:35,078 [DEBUG] [MainThread] [cli_server/cli_server.py:206]: CLI server stopped
2026-01-16 22:16:36,670 [INFO] [MainThread] [root/bar_manager.py:92]: Stopping WindowsNotificationEventListener...
2026-01-16 22:16:36,670 [INFO] [MainThread] [root/bar_manager.py:92]: Stopping KomorebiEventListener...
2026-01-16 22:16:36,671 [INFO] [MainThread] [root/bar_manager.py:92]: Stopping SystemEventListener...
2026-01-16 22:16:36,675 [DEBUG] [MainThread] [systray_widget/systray.py:504]: Saving state to disk
2026-01-16 22:16:36,676 [DEBUG] [MainThread] [systray_widget/systray.py:508]: Saving state to C:\Users\19411_4bs7lzt\AppData\Local\YASB\systray_state_DF27G32QPRO.json
2026-01-16 22:16:36,677 [DEBUG] [MainThread] [systray_widget/utils.py:96]: Destroying window 1443758
2026-01-16 22:16:36,687 [DEBUG] [MainThread] [qasync._windows._EventPoller/_windows.py:220]: Stopping worker thread...
2026-01-16 22:16:36,703 [DEBUG] [Dummy-8] [qasync._windows._EventWorker/_windows.py:204]: Exiting thread
2026-01-16 22:16:36,705 [DEBUG] [MainThread] [qasync._windows._IocpProactor/_windows.py:78]: Closing
2026-01-16 22:16:36,718 [DEBUG] [MainThread] [systray_widget/utils.py:96]: Destroying window 1443758
2026-01-16 22:17:05,627 [INFO] [MainThread] [root/log.py:69]: YASB v1.8.6
2026-01-16 22:17:05,628 [INFO] [Thread-1 (_run_server)] [cli_server/cli_server.py:212]: CLI server started v1.1.4
2026-01-16 22:17:05,628 [INFO] [MainThread] [cli_server/cli_server.py:104]: Log pipe server started
2026-01-16 22:17:06,247 [ERROR] [MainThread] [root/weather.py:60]: API key or location is missing. Please provide a valid API key and location.
2026-01-16 22:17:06,364 [INFO] [MainThread] [root/service.py:48]: AudioOutputService starting...
2026-01-16 22:17:08,207 [INFO] [MainThread] [root/bar_manager.py:85]: Starting KomorebiEventListener...
2026-01-16 22:17:08,208 [INFO] [MainThread] [root/bar_manager.py:85]: Starting WindowsNotificationEventListener...
2026-01-16 22:17:08,210 [INFO] [Dummy-3] [root/event_listener.py:51]: Created named pipe yasb-0a8fcd3f-f2e6-11f0-bf6b-64497d51adc8
2026-01-16 22:17:08,210 [INFO] [MainThread] [root/bar_manager.py:85]: Starting SystemEventListener...
2026-01-16 22:17:08,211 [INFO] [MainThread] [root/watcher.py:54]: Created file watcher for path C:\Users\19411_4bs7lzt\.config\yasb
2026-01-16 22:17:08,293 [DEBUG] [MainThread] [qasync._windows._EventPoller/_windows.py:215]: Starting (proactor: <_IocpProactor overlapped#=0 result#=0>)...
2026-01-16 22:17:08,295 [DEBUG] [Dummy-8] [qasync._windows._EventWorker/_windows.py:195]: Thread started
2026-01-16 22:17:08,299 [DEBUG] [MainThread] [systray_widget/systray.py:526]: Loading state from C:\Users\19411_4bs7lzt\AppData\Local\YASB\systray_state_DF27G32QPRO.json
2026-01-16 22:17:08,300 [DEBUG] [SystrayMonitor] [systray_widget/systray.py:57]: Systray thread is starting...
2026-01-16 22:17:08,377 [DEBUG] [MainThread] [systray_widget/systray.py:277]: Systray thread started
2026-01-16 22:17:08,578 [DEBUG] [SystrayMonitor] [systray_widget/systray_monitor.py:164]: Adding TaskbandHWND prop to hwnd 984580
2026-01-16 22:17:08,595 [DEBUG] [MainThread] [systray_widget/systray_monitor.py:157]: Sending TaskbarCreated message: 49321
2026-01-16 22:17:10,590 [DEBUG] [SystrayMonitor] [systray_widget/systray_monitor.py:242]: Finding real tray hwnd
2026-01-16 22:17:11,828 [INFO] [MainThread] [root/utilities.py:398]: YASB removed from startup
2026-01-16 22:17:15,289 [INFO] [MainThread] [root/controller.py:35]: Exiting Application from context menu...
2026-01-16 22:17:15,391 [INFO] [MainThread] [cli_server/cli_server.py:112]: Log pipe server stopped
2026-01-16 22:17:15,391 [DEBUG] [MainThread] [cli_server/cli_server.py:206]: CLI server stopped
2026-01-16 22:17:15,907 [INFO] [MainThread] [root/bar_manager.py:92]: Stopping KomorebiEventListener...
2026-01-16 22:17:15,907 [INFO] [MainThread] [root/bar_manager.py:92]: Stopping WindowsNotificationEventListener...
2026-01-16 22:17:15,907 [INFO] [MainThread] [root/bar_manager.py:92]: Stopping SystemEventListener...
2026-01-16 22:17:15,908 [DEBUG] [MainThread] [systray_widget/systray.py:504]: Saving state to disk
2026-01-16 22:17:15,909 [DEBUG] [MainThread] [systray_widget/systray.py:508]: Saving state to C:\Users\19411_4bs7lzt\AppData\Local\YASB\systray_state_DF27G32QPRO.json
2026-01-16 22:17:15,910 [DEBUG] [MainThread] [systray_widget/utils.py:96]: Destroying window 984580
2026-01-16 22:17:15,917 [DEBUG] [MainThread] [qasync._windows._EventPoller/_windows.py:220]: Stopping worker thread...
2026-01-16 22:17:15,922 [DEBUG] [Dummy-8] [qasync._windows._EventWorker/_windows.py:204]: Exiting thread
2026-01-16 22:17:15,927 [DEBUG] [MainThread] [qasync._windows._IocpProactor/_windows.py:78]: Closing
2026-01-16 22:17:15,943 [DEBUG] [MainThread] [systray_widget/utils.py:96]: Destroying window 984580
